<?xml version="1.0" encoding="UTF-8"?>
<!-- Generated by org.testng.reporters.JUnitReportReporter -->
<testsuite hostname="DESKTOP-31MOGNN" failures="0" tests="1" name="com.test.Tester" time="0.010" errors="0" timestamp="2023-07-13T10:09:47 ICT" skipped="0">
  <testcase classname="com.test.Tester" name="performLogin" time="0.010"/>
  <system-out/>
</testsuite> <!-- com.test.Tester -->
