<?xml version="1.0" encoding="UTF-8"?>
<!-- Generated by org.testng.reporters.JUnitReportReporter -->
<testsuite hostname="DESKTOP-31MOGNN" failures="0" tests="8" name="com.test.TestBook" time="93.312" errors="0" timestamp="2023-07-17T10:18:38 ICT" skipped="0">
  <testcase classname="com.test.TestBook" name="performLogin" time="2.964"/>
  <system-out/>
  <testcase classname="com.test.TestBook" name="checkLogin" time="0.009"/>
  <system-out/>
  <testcase classname="com.test.TestBook" name="performAddBook" time="26.483"/>
  <system-out>
    <![CDATA[Driver for Screenshot: ChromeDriver: chrome on WINDOWS (1d98d4c7d114cceea1111225d2b63016)
Screenshot taken current URL: http://localhost:8081/book/search
Driver for Screenshot: ChromeDriver: chrome on WINDOWS (1d98d4c7d114cceea1111225d2b63016)
Screenshot taken current URL: http://localhost:8081/book/search
Driver for Screenshot: ChromeDriver: chrome on WINDOWS (1d98d4c7d114cceea1111225d2b63016)
Screenshot taken current URL: http://localhost:8081/book/search
Driver for Screenshot: ChromeDriver: chrome on WINDOWS (1d98d4c7d114cceea1111225d2b63016)
Screenshot taken current URL: http://localhost:8081/book/search
Driver for Screenshot: ChromeDriver: chrome on WINDOWS (1d98d4c7d114cceea1111225d2b63016)
Screenshot taken current URL: http://localhost:8081/book/search
Driver for Screenshot: ChromeDriver: chrome on WINDOWS (1d98d4c7d114cceea1111225d2b63016)
Screenshot taken current URL: http://localhost:8081/book/search
Driver for Screenshot: ChromeDriver: chrome on WINDOWS (1d98d4c7d114cceea1111225d2b63016)
Screenshot taken current URL: http://localhost:8081/book/search]]>
  </system-out>
  <testcase classname="com.test.TestBook" name="checkAddBook" time="11.136"/>
  <system-out>
    <![CDATA[Driver for Screenshot: ChromeDriver: chrome on WINDOWS (1d98d4c7d114cceea1111225d2b63016)
Screenshot taken current URL: http://localhost:8081/book/search
Driver for Screenshot: ChromeDriver: chrome on WINDOWS (1d98d4c7d114cceea1111225d2b63016)
Screenshot taken current URL: http://localhost:8081/book/search
Driver for Screenshot: ChromeDriver: chrome on WINDOWS (1d98d4c7d114cceea1111225d2b63016)
Screenshot taken current URL: http://localhost:8081/book/search]]>
  </system-out>
  <testcase classname="com.test.TestBook" name="performUpdateBook" time="16.084"/>
  <system-out>
    <![CDATA[Driver for Screenshot: ChromeDriver: chrome on WINDOWS (1d98d4c7d114cceea1111225d2b63016)
Screenshot taken current URL: http://localhost:8081/book/search
Driver for Screenshot: ChromeDriver: chrome on WINDOWS (1d98d4c7d114cceea1111225d2b63016)
Screenshot taken current URL: http://localhost:8081/book/search
Driver for Screenshot: ChromeDriver: chrome on WINDOWS (1d98d4c7d114cceea1111225d2b63016)
Screenshot taken current URL: http://localhost:8081/book/search
Driver for Screenshot: ChromeDriver: chrome on WINDOWS (1d98d4c7d114cceea1111225d2b63016)
Screenshot taken current URL: http://localhost:8081/book/search]]>
  </system-out>
  <testcase classname="com.test.TestBook" name="checkUpdateBook" time="14.257"/>
  <system-out>
    <![CDATA[Driver for Screenshot: ChromeDriver: chrome on WINDOWS (1d98d4c7d114cceea1111225d2b63016)
Screenshot taken current URL: http://localhost:8081/book/search
Driver for Screenshot: ChromeDriver: chrome on WINDOWS (1d98d4c7d114cceea1111225d2b63016)
Screenshot taken current URL: http://localhost:8081/book/search
Driver for Screenshot: ChromeDriver: chrome on WINDOWS (1d98d4c7d114cceea1111225d2b63016)
Screenshot taken current URL: http://localhost:8081/book/search
Driver for Screenshot: ChromeDriver: chrome on WINDOWS (1d98d4c7d114cceea1111225d2b63016)
Screenshot taken current URL: http://localhost:8081/book/search]]>
  </system-out>
  <testcase classname="com.test.TestBook" name="preformDeleteBook" time="19.030"/>
  <system-out>
    <![CDATA[Driver for Screenshot: ChromeDriver: chrome on WINDOWS (1d98d4c7d114cceea1111225d2b63016)
Screenshot taken current URL: http://localhost:8081/book/search
Driver for Screenshot: ChromeDriver: chrome on WINDOWS (1d98d4c7d114cceea1111225d2b63016)
Screenshot taken current URL: http://localhost:8081/book/search
Driver for Screenshot: ChromeDriver: chrome on WINDOWS (1d98d4c7d114cceea1111225d2b63016)
Screenshot taken current URL: http://localhost:8081/book/search
Driver for Screenshot: ChromeDriver: chrome on WINDOWS (1d98d4c7d114cceea1111225d2b63016)
Screenshot taken current URL: http://localhost:8081/book/search]]>
  </system-out>
  <testcase classname="com.test.TestBook" name="checkDeleteBook" time="3.349"/>
  <system-out/>
</testsuite> <!-- com.test.TestBook -->
