<?xml version="1.0" encoding="UTF-8"?>
<!-- Generated by org.testng.reporters.JUnitReportReporter -->
<testsuite hostname="DESKTOP-31MOGNN" failures="0" tests="14" name="com.test.testAll" time="178.444" errors="0" timestamp="2023-07-17T10:47:01 ICT" skipped="0">
  <testcase classname="com.test.testAll" name="performLogin" time="3.290"/>
  <system-out/>
  <testcase classname="com.test.testAll" name="checkLogin" time="0.013"/>
  <system-out/>
  <testcase classname="com.test.testAll" name="performAddBook" time="27.605"/>
  <system-out>
    <![CDATA[Driver for Screenshot: ChromeDriver: chrome on WINDOWS (22c09f7c48a8fa9e14ce0036f04c0607)
Screenshot taken current URL: http://192.168.10.128:8081/book/search
Driver for Screenshot: ChromeDriver: chrome on WINDOWS (22c09f7c48a8fa9e14ce0036f04c0607)
Screenshot taken current URL: http://192.168.10.128:8081/book/search
Driver for Screenshot: ChromeDriver: chrome on WINDOWS (22c09f7c48a8fa9e14ce0036f04c0607)
Screenshot taken current URL: http://192.168.10.128:8081/book/search
Driver for Screenshot: ChromeDriver: chrome on WINDOWS (22c09f7c48a8fa9e14ce0036f04c0607)
Screenshot taken current URL: http://192.168.10.128:8081/book/search
Driver for Screenshot: ChromeDriver: chrome on WINDOWS (22c09f7c48a8fa9e14ce0036f04c0607)
Screenshot taken current URL: http://192.168.10.128:8081/book/search
Driver for Screenshot: ChromeDriver: chrome on WINDOWS (22c09f7c48a8fa9e14ce0036f04c0607)
Screenshot taken current URL: http://192.168.10.128:8081/book/search
Driver for Screenshot: ChromeDriver: chrome on WINDOWS (22c09f7c48a8fa9e14ce0036f04c0607)
Screenshot taken current URL: http://192.168.10.128:8081/book/search]]>
  </system-out>
  <testcase classname="com.test.testAll" name="checkAddBook" time="11.279"/>
  <system-out>
    <![CDATA[Driver for Screenshot: ChromeDriver: chrome on WINDOWS (22c09f7c48a8fa9e14ce0036f04c0607)
Screenshot taken current URL: http://192.168.10.128:8081/book/search
Driver for Screenshot: ChromeDriver: chrome on WINDOWS (22c09f7c48a8fa9e14ce0036f04c0607)
Screenshot taken current URL: http://192.168.10.128:8081/book/search
Driver for Screenshot: ChromeDriver: chrome on WINDOWS (22c09f7c48a8fa9e14ce0036f04c0607)
Screenshot taken current URL: http://192.168.10.128:8081/book/search]]>
  </system-out>
  <testcase classname="com.test.testAll" name="performUpdateBook" time="16.799"/>
  <system-out>
    <![CDATA[Driver for Screenshot: ChromeDriver: chrome on WINDOWS (22c09f7c48a8fa9e14ce0036f04c0607)
Screenshot taken current URL: http://192.168.10.128:8081/book/search
Driver for Screenshot: ChromeDriver: chrome on WINDOWS (22c09f7c48a8fa9e14ce0036f04c0607)
Screenshot taken current URL: http://192.168.10.128:8081/book/search
Driver for Screenshot: ChromeDriver: chrome on WINDOWS (22c09f7c48a8fa9e14ce0036f04c0607)
Screenshot taken current URL: http://192.168.10.128:8081/book/search
Driver for Screenshot: ChromeDriver: chrome on WINDOWS (22c09f7c48a8fa9e14ce0036f04c0607)
Screenshot taken current URL: http://192.168.10.128:8081/book/search]]>
  </system-out>
  <testcase classname="com.test.testAll" name="checkUpdateBook" time="14.275"/>
  <system-out>
    <![CDATA[Driver for Screenshot: ChromeDriver: chrome on WINDOWS (22c09f7c48a8fa9e14ce0036f04c0607)
Screenshot taken current URL: http://192.168.10.128:8081/book/search
Driver for Screenshot: ChromeDriver: chrome on WINDOWS (22c09f7c48a8fa9e14ce0036f04c0607)
Screenshot taken current URL: http://192.168.10.128:8081/book/search
Driver for Screenshot: ChromeDriver: chrome on WINDOWS (22c09f7c48a8fa9e14ce0036f04c0607)
Screenshot taken current URL: http://192.168.10.128:8081/book/search
Driver for Screenshot: ChromeDriver: chrome on WINDOWS (22c09f7c48a8fa9e14ce0036f04c0607)
Screenshot taken current URL: http://192.168.10.128:8081/book/search]]>
  </system-out>
  <testcase classname="com.test.testAll" name="preformDeleteBook" time="19.490"/>
  <system-out>
    <![CDATA[Driver for Screenshot: ChromeDriver: chrome on WINDOWS (22c09f7c48a8fa9e14ce0036f04c0607)
Screenshot taken current URL: http://192.168.10.128:8081/book/search
Driver for Screenshot: ChromeDriver: chrome on WINDOWS (22c09f7c48a8fa9e14ce0036f04c0607)
Screenshot taken current URL: http://192.168.10.128:8081/book/search
Driver for Screenshot: ChromeDriver: chrome on WINDOWS (22c09f7c48a8fa9e14ce0036f04c0607)
Screenshot taken current URL: http://192.168.10.128:8081/book/search
Driver for Screenshot: ChromeDriver: chrome on WINDOWS (22c09f7c48a8fa9e14ce0036f04c0607)
Screenshot taken current URL: http://192.168.10.128:8081/book/search]]>
  </system-out>
  <testcase classname="com.test.testAll" name="checkDeleteBook" time="3.430"/>
  <system-out/>
  <testcase classname="com.test.testAll" name="performAddStudent" time="23.296"/>
  <system-out/>
  <testcase classname="com.test.testAll" name="checkAddStudent" time="4.860"/>
  <system-out>
    <![CDATA[Driver for Screenshot: ChromeDriver: chrome on WINDOWS (22c09f7c48a8fa9e14ce0036f04c0607)
Screenshot taken current URL: http://192.168.10.128:8081/student/search
Driver for Screenshot: ChromeDriver: chrome on WINDOWS (22c09f7c48a8fa9e14ce0036f04c0607)
Screenshot taken current URL: http://192.168.10.128:8081/student/search]]>
  </system-out>
  <testcase classname="com.test.testAll" name="performUpdateStudent" time="15.061"/>
  <system-out>
    <![CDATA[Driver for Screenshot: ChromeDriver: chrome on WINDOWS (22c09f7c48a8fa9e14ce0036f04c0607)
Screenshot taken current URL: http://192.168.10.128:8081/student/search
Driver for Screenshot: ChromeDriver: chrome on WINDOWS (22c09f7c48a8fa9e14ce0036f04c0607)
Screenshot taken current URL: http://192.168.10.128:8081/student/search]]>
  </system-out>
  <testcase classname="com.test.testAll" name="checkUpdateStudent" time="15.260"/>
  <system-out>
    <![CDATA[Driver for Screenshot: ChromeDriver: chrome on WINDOWS (22c09f7c48a8fa9e14ce0036f04c0607)
Screenshot taken current URL: http://192.168.10.128:8081/student/search
Driver for Screenshot: ChromeDriver: chrome on WINDOWS (22c09f7c48a8fa9e14ce0036f04c0607)
Screenshot taken current URL: http://192.168.10.128:8081/student/search
Driver for Screenshot: ChromeDriver: chrome on WINDOWS (22c09f7c48a8fa9e14ce0036f04c0607)
Screenshot taken current URL: http://192.168.10.128:8081/student/search
Driver for Screenshot: ChromeDriver: chrome on WINDOWS (22c09f7c48a8fa9e14ce0036f04c0607)
Screenshot taken current URL: http://192.168.10.128:8081/student/search]]>
  </system-out>
  <testcase classname="com.test.testAll" name="preformDeleteStudent" time="20.322"/>
  <system-out>
    <![CDATA[Driver for Screenshot: ChromeDriver: chrome on WINDOWS (22c09f7c48a8fa9e14ce0036f04c0607)
Screenshot taken current URL: http://192.168.10.128:8081/student/search
Driver for Screenshot: ChromeDriver: chrome on WINDOWS (22c09f7c48a8fa9e14ce0036f04c0607)
Screenshot taken current URL: http://192.168.10.128:8081/student/search
Driver for Screenshot: ChromeDriver: chrome on WINDOWS (22c09f7c48a8fa9e14ce0036f04c0607)
Screenshot taken current URL: http://192.168.10.128:8081/student/search
Driver for Screenshot: ChromeDriver: chrome on WINDOWS (22c09f7c48a8fa9e14ce0036f04c0607)
Screenshot taken current URL: http://192.168.10.128:8081/student/search]]>
  </system-out>
  <testcase classname="com.test.testAll" name="checkDeleteStudent" time="3.464"/>
  <system-out/>
</testsuite> <!-- com.test.testAll -->
